<?xml version="1.0" encoding="UTF-8"?>
<testng-results ignored="0" total="1" passed="1" failed="0" skipped="0">
  <reporter-output>
  </reporter-output>
  <suite started-at="2022-09-12T19:33:04 IST" name="Default suite" finished-at="2022-09-12T19:33:07 IST" duration-ms="3052">
    <groups>
    </groups>
    <test started-at="2022-09-12T19:33:04 IST" name="Default test" finished-at="2022-09-12T19:33:07 IST" duration-ms="3052">
      <class name="Com.Automation.Test.SerialTest">
        <test-method signature="sertest1()[pri:0, instance:Com.Automation.Test.SerialTest@4803b726]" started-at="2022-09-12T19:33:04 IST" name="sertest1" finished-at="2022-09-12T19:33:07 IST" duration-ms="3015" status="PASS">
          <reporter-output>
          </reporter-output>
        </test-method> <!-- sertest1 -->
      </class> <!-- Com.Automation.Test.SerialTest -->
    </test> <!-- Default test -->
  </suite> <!-- Default suite -->
</testng-results>
